<routes xmlns="http://xquerrail.com/routing"  
   xmlns:xsi="http://www.w3.org/2001/XMLSchema-instance"
   xsi:schemaLocation="http://xquerrail.com/routing file:../main/_framework/schemas/routing.xsd">
   <!--Define Resources Before Controllers-->
   <route id="_favicon" pattern="/favicon.ico" is-resource="true">
      <prepend>/main/resources/</prepend>
   </route>
  
   <route id="_resources" pattern="^/resources/*" is-resource="true">
      <prepend>/main</prepend>
   </route>
   
   <route id="application_resources" pattern="/(\i\c*)/resources/*" is-resource="true">
      
   </route>
   
   <route id="initialize" pattern="^/initialize(.xqy)?$" is-resource="true">
      <to>/main/_framework/initialize.xqy</to>
   </route>
   <route id="xray_index" pattern="^/xray/?$" is-resource="true">
     <to>/xray/index.xqy</to>
   </route>
   <route id="xray" pattern="^/xray/.*" is-resource="true">
     <prepend>/xray/</prepend>
   </route>
</routes>